[INFO] Scanning for projects...
[WARNING] 
[WARNING] Some problems were encountered while building the effective model for net.gotofail:ContextProject:jar:1.0-SNAPSHOT
[WARNING] 'dependencies.dependency.(groupId:artifactId:type:classifier)' must be unique: org.testfx:testfx-core:jar -> duplicate declaration of version 4.0.1-alpha @ line 130, column 21
[WARNING] 'dependencies.dependency.(groupId:artifactId:type:classifier)' must be unique: org.testfx:testfx-junit:jar -> duplicate declaration of version 4.0.1-alpha @ line 136, column 21
[WARNING] The expression ${artifactId} is deprecated. Please use ${project.artifactId} instead.
[WARNING] The expression ${version} is deprecated. Please use ${project.version} instead.
[WARNING] 
[WARNING] It is highly recommended to fix these problems because they threaten the stability of your build.
[WARNING] 
[WARNING] For this reason, future Maven versions might no longer support building such malformed projects.
[WARNING] 
[INFO]                                                                         
[INFO] ------------------------------------------------------------------------
[INFO] Building ContextProject 1.0-SNAPSHOT
[INFO] ------------------------------------------------------------------------
[INFO] 
[INFO] --- maven-checkstyle-plugin:2.16:check (validate) @ ContextProject ---
[INFO] Starting audit...
Audit done.
[INFO] 
[INFO] --- maven-resources-plugin:2.6:resources (default-resources) @ ContextProject ---
[INFO] Using 'UTF-8' encoding to copy filtered resources.
[INFO] Copying 9 resources
[INFO] 
[INFO] --- maven-compiler-plugin:3.5:compile (default-compile) @ ContextProject ---
[INFO] Nothing to compile - all classes are up to date
[INFO] 
[INFO] --- maven-resources-plugin:2.6:testResources (default-testResources) @ ContextProject ---
[INFO] Using 'UTF-8' encoding to copy filtered resources.
[INFO] skip non existing resourceDirectory c:\Users\Menno\workspace\goto-fail\src\test\resources
[INFO] 
[INFO] --- maven-compiler-plugin:3.5:testCompile (default-testCompile) @ ContextProject ---
[INFO] Nothing to compile - all classes are up to date
[INFO] 
[INFO] --- maven-surefire-plugin:2.12.4:test (default-test) @ ContextProject ---
[INFO] Surefire report directory: c:\Users\Menno\workspace\goto-fail\out\surefire-reports

-------------------------------------------------------
 T E S T S
-------------------------------------------------------
Running control.ControllerManagerTest
Tests run: 7, Failures: 0, Errors: 0, Skipped: 0, Time elapsed: 1.361 sec
Running control.CountUtilitiesTest
Tests run: 3, Failures: 0, Errors: 0, Skipped: 0, Time elapsed: 0 sec
Running control.CreationModalViewControllerTest
Tests run: 12, Failures: 0, Errors: 0, Skipped: 0, Time elapsed: 2.675 sec
Running control.DetailViewControllerTest
Tests run: 13, Failures: 0, Errors: 0, Skipped: 0, Time elapsed: 0.247 sec
Running control.DirectorTimelineControllerTest
10:16:38.198 [JavaFX Application Thread] ERROR control.DirectorTimelineController.initShotBlock - INIT SHOTBLOCK???
10:16:38.236 [JavaFX Application Thread] ERROR data.CameraShot.incrementCounter - GAVE INSTANCE 0
10:16:38.250 [JavaFX Application Thread] ERROR control.DirectorTimelineController.initShotBlock - INIT SHOTBLOCK???
Tests run: 5, Failures: 0, Errors: 1, Skipped: 0, Time elapsed: 0.2 sec <<< FAILURE!
shotChangedHandlerTest(control.DirectorTimelineControllerTest)  Time elapsed: 0.015 sec  <<< ERROR!
java.lang.NullPointerException
	at control.DirectorTimelineController.shotChangedHandler(DirectorTimelineController.java:122)
	at control.DirectorTimelineControllerTest.shotChangedHandlerTest(DirectorTimelineControllerTest.java:89)
	at sun.reflect.NativeMethodAccessorImpl.invoke0(Native Method)
	at sun.reflect.NativeMethodAccessorImpl.invoke(NativeMethodAccessorImpl.java:62)
	at sun.reflect.DelegatingMethodAccessorImpl.invoke(DelegatingMethodAccessorImpl.java:43)
	at java.lang.reflect.Method.invoke(Method.java:498)
	at org.junit.runners.model.FrameworkMethod$1.runReflectiveCall(FrameworkMethod.java:50)
	at org.junit.internal.runners.model.ReflectiveCallable.run(ReflectiveCallable.java:12)
	at org.junit.runners.model.FrameworkMethod.invokeExplosively(FrameworkMethod.java:47)
	at org.junit.internal.runners.statements.InvokeMethod.evaluate(InvokeMethod.java:17)
	at org.junit.internal.runners.statements.RunBefores.evaluate(RunBefores.java:26)
	at org.junit.internal.runners.statements.RunAfters.evaluate(RunAfters.java:27)
	at org.junit.runners.ParentRunner.runLeaf(ParentRunner.java:325)
	at org.junit.runners.BlockJUnit4ClassRunner.runChild(BlockJUnit4ClassRunner.java:78)
	at org.junit.runners.BlockJUnit4ClassRunner.runChild(BlockJUnit4ClassRunner.java:57)
	at org.junit.runners.ParentRunner$3.run(ParentRunner.java:290)
	at org.junit.runners.ParentRunner$1.schedule(ParentRunner.java:71)
	at org.junit.runners.ParentRunner.runChildren(ParentRunner.java:288)
	at org.junit.runners.ParentRunner.access$000(ParentRunner.java:58)
	at org.junit.runners.ParentRunner$2.evaluate(ParentRunner.java:268)
	at org.junit.runners.ParentRunner.run(ParentRunner.java:363)
	at org.apache.maven.surefire.junit4.JUnit4Provider.execute(JUnit4Provider.java:252)
	at org.apache.maven.surefire.junit4.JUnit4Provider.executeTestSet(JUnit4Provider.java:141)
	at org.apache.maven.surefire.junit4.JUnit4Provider.invoke(JUnit4Provider.java:112)
	at sun.reflect.NativeMethodAccessorImpl.invoke0(Native Method)
	at sun.reflect.NativeMethodAccessorImpl.invoke(NativeMethodAccessorImpl.java:62)
	at sun.reflect.DelegatingMethodAccessorImpl.invoke(DelegatingMethodAccessorImpl.java:43)
	at java.lang.reflect.Method.invoke(Method.java:498)
	at org.apache.maven.surefire.util.ReflectionUtils.invokeMethodWithArray(ReflectionUtils.java:189)
	at org.apache.maven.surefire.booter.ProviderFactory$ProviderProxy.invoke(ProviderFactory.java:165)
	at org.apache.maven.surefire.booter.ProviderFactory.invokeProvider(ProviderFactory.java:85)
	at org.apache.maven.surefire.booter.ForkedBooter.runSuitesInProcess(ForkedBooter.java:115)
	at org.apache.maven.surefire.booter.ForkedBooter.main(ForkedBooter.java:75)

Running control.PreferencesViewControllerTest
Tests run: 5, Failures: 0, Errors: 0, Skipped: 0, Time elapsed: 0.768 sec
Running control.ProjectControllerTest
Tests run: 7, Failures: 0, Errors: 1, Skipped: 0, Time elapsed: 0.894 sec <<< FAILURE!
loadTest(control.ProjectControllerTest)  Time elapsed: 0.159 sec  <<< ERROR!
java.lang.IndexOutOfBoundsException: Index: 0, Size: 0
	at java.util.ArrayList.rangeCheck(ArrayList.java:653)
	at java.util.ArrayList.get(ArrayList.java:429)
	at gui.root.RootCenterArea.initTopScrollablePane(RootCenterArea.java:194)
	at gui.root.RootCenterArea.initTopPane(RootCenterArea.java:174)
	at gui.root.RootCenterArea.<init>(RootCenterArea.java:121)
	at control.ProjectController.load(ProjectController.java:345)
	at control.ProjectControllerTest.loadTest(ProjectControllerTest.java:121)
	at sun.reflect.NativeMethodAccessorImpl.invoke0(Native Method)
	at sun.reflect.NativeMethodAccessorImpl.invoke(NativeMethodAccessorImpl.java:62)
	at sun.reflect.DelegatingMethodAccessorImpl.invoke(DelegatingMethodAccessorImpl.java:43)
	at java.lang.reflect.Method.invoke(Method.java:498)
	at org.junit.runners.model.FrameworkMethod$1.runReflectiveCall(FrameworkMethod.java:50)
	at org.junit.internal.runners.model.ReflectiveCallable.run(ReflectiveCallable.java:12)
	at org.junit.runners.model.FrameworkMethod.invokeExplosively(FrameworkMethod.java:47)
	at org.junit.internal.runners.statements.InvokeMethod.evaluate(InvokeMethod.java:17)
	at org.junit.internal.runners.statements.RunBefores.evaluate(RunBefores.java:26)
	at org.junit.internal.runners.statements.RunAfters.evaluate(RunAfters.java:27)
	at org.junit.runners.ParentRunner.runLeaf(ParentRunner.java:325)
	at org.junit.runners.BlockJUnit4ClassRunner.runChild(BlockJUnit4ClassRunner.java:78)
	at org.junit.runners.BlockJUnit4ClassRunner.runChild(BlockJUnit4ClassRunner.java:57)
	at org.junit.runners.ParentRunner$3.run(ParentRunner.java:290)
	at org.junit.runners.ParentRunner$1.schedule(ParentRunner.java:71)
	at org.junit.runners.ParentRunner.runChildren(ParentRunner.java:288)
	at org.junit.runners.ParentRunner.access$000(ParentRunner.java:58)
	at org.junit.runners.ParentRunner$2.evaluate(ParentRunner.java:268)
	at org.junit.runners.ParentRunner.run(ParentRunner.java:363)
	at org.apache.maven.surefire.junit4.JUnit4Provider.execute(JUnit4Provider.java:252)
	at org.apache.maven.surefire.junit4.JUnit4Provider.executeTestSet(JUnit4Provider.java:141)
	at org.apache.maven.surefire.junit4.JUnit4Provider.invoke(JUnit4Provider.java:112)
	at sun.reflect.NativeMethodAccessorImpl.invoke0(Native Method)
	at sun.reflect.NativeMethodAccessorImpl.invoke(NativeMethodAccessorImpl.java:62)
	at sun.reflect.DelegatingMethodAccessorImpl.invoke(DelegatingMethodAccessorImpl.java:43)
	at java.lang.reflect.Method.invoke(Method.java:498)
	at org.apache.maven.surefire.util.ReflectionUtils.invokeMethodWithArray(ReflectionUtils.java:189)
	at org.apache.maven.surefire.booter.ProviderFactory$ProviderProxy.invoke(ProviderFactory.java:165)
	at org.apache.maven.surefire.booter.ProviderFactory.invokeProvider(ProviderFactory.java:85)
	at org.apache.maven.surefire.booter.ForkedBooter.runSuitesInProcess(ForkedBooter.java:115)
	at org.apache.maven.surefire.booter.ForkedBooter.main(ForkedBooter.java:75)

Running control.TimelineControllerTest
10:16:40.089 [main] ERROR data.CameraShot.incrementCounter - GAVE INSTANCE 1
10:16:40.096 [main] ERROR data.CameraShot.incrementCounter - GAVE INSTANCE 2
10:16:40.098 [main] ERROR data.CameraShot.incrementCounter - GAVE INSTANCE 3
10:16:40.105 [main] ERROR data.CameraShot.incrementCounter - GAVE INSTANCE 4
10:16:40.106 [main] ERROR data.CameraShot.incrementCounter - GAVE INSTANCE 5
10:16:40.107 [main] ERROR data.CameraShot.incrementCounter - GAVE INSTANCE 6
10:16:40.201 [JavaFX Application Thread] ERROR control.TimelineController.initShotBlock - Initializing shotblock with instance 6
10:16:40.215 [main] ERROR data.CameraShot.incrementCounter - GAVE INSTANCE 7
10:16:40.216 [main] ERROR data.CameraShot.incrementCounter - GAVE INSTANCE 8
10:16:40.217 [main] ERROR control.TimelineController.shotChangedHandler - SHOT CHANGED DO YOU EVEN
10:16:40.218 [main] ERROR control.TimelineController.modifyCameraShot - Modify camera block
10:16:40.227 [main] ERROR data.CameraShot.incrementCounter - GAVE INSTANCE 9
10:16:40.228 [main] ERROR data.CameraShot.incrementCounter - GAVE INSTANCE 10
10:16:40.228 [main] ERROR data.CameraShot.incrementCounter - GAVE INSTANCE 11
10:16:40.247 [JavaFX Application Thread] ERROR control.TimelineController.initShotBlock - Initializing shotblock with instance 11
10:16:40.260 [main] ERROR data.CameraShot.incrementCounter - GAVE INSTANCE 12
10:16:40.261 [main] ERROR data.CameraShot.incrementCounter - GAVE INSTANCE 13
10:16:40.305 [main] ERROR data.CameraShot.incrementCounter - GAVE INSTANCE 14
10:16:40.306 [main] ERROR data.CameraShot.incrementCounter - GAVE INSTANCE 15
10:16:40.306 [main] ERROR control.TimelineController.shotChangedHandler - SHOT CHANGED DO YOU EVEN
10:16:40.306 [main] ERROR control.TimelineController.modifyCameraShot - Modify camera block
10:16:40.313 [main] ERROR data.CameraShot.incrementCounter - GAVE INSTANCE 16
10:16:40.313 [main] ERROR data.CameraShot.incrementCounter - GAVE INSTANCE 17
10:16:40.314 [main] ERROR control.TimelineController.shotChangedHandler - SHOT CHANGED DO YOU EVEN
10:16:40.314 [main] ERROR control.TimelineController.modifyCameraShot - Modify camera block
10:16:40.321 [main] ERROR data.CameraShot.incrementCounter - GAVE INSTANCE 18
10:16:40.322 [main] ERROR data.CameraShot.incrementCounter - GAVE INSTANCE 19
10:16:40.323 [main] ERROR data.CameraShot.incrementCounter - GAVE INSTANCE 20
10:16:40.343 [JavaFX Application Thread] ERROR control.TimelineController.initShotBlock - Initializing shotblock with instance 20
10:16:40.350 [main] ERROR data.CameraShot.incrementCounter - GAVE INSTANCE 21
10:16:40.353 [main] ERROR data.CameraShot.incrementCounter - GAVE INSTANCE 22
10:16:40.353 [main] ERROR data.CameraShot.incrementCounter - GAVE INSTANCE 23
10:16:40.354 [main] ERROR data.CameraShot.incrementCounter - GAVE INSTANCE 24
10:16:40.364 [main] ERROR data.CameraShot.incrementCounter - GAVE INSTANCE 25
10:16:40.365 [main] ERROR data.CameraShot.incrementCounter - GAVE INSTANCE 26
10:16:40.366 [main] ERROR data.CameraShot.incrementCounter - GAVE INSTANCE 27
10:16:40.369 [main] ERROR data.CameraShot.incrementCounter - GAVE INSTANCE 28
10:16:40.374 [main] ERROR data.CameraShot.incrementCounter - GAVE INSTANCE 29
10:16:40.375 [main] ERROR data.CameraShot.incrementCounter - GAVE INSTANCE 30
10:16:40.376 [main] ERROR data.CameraShot.incrementCounter - GAVE INSTANCE 31
10:16:40.432 [main] ERROR data.CameraShot.incrementCounter - GAVE INSTANCE 32
10:16:40.433 [main] ERROR data.CameraShot.incrementCounter - GAVE INSTANCE 33
10:16:40.433 [main] ERROR data.CameraShot.incrementCounter - GAVE INSTANCE 34
10:16:40.454 [main] ERROR data.CameraShot.incrementCounter - GAVE INSTANCE 35
10:16:40.456 [main] ERROR data.CameraShot.incrementCounter - GAVE INSTANCE 36
10:16:40.457 [main] ERROR data.CameraShot.incrementCounter - GAVE INSTANCE 37
10:16:40.458 [main] ERROR control.TimelineController.modifyCameraShot - Modify camera block
Tests run: 13, Failures: 0, Errors: 0, Skipped: 0, Time elapsed: 0.457 sec
Running control.ToolViewControllerTest
10:16:40.605 [main] ERROR data.CameraShot.incrementCounter - GAVE INSTANCE 38
10:16:40.620 [main] ERROR data.CameraShot.incrementCounter - GAVE INSTANCE 39
Tests run: 7, Failures: 0, Errors: 0, Skipped: 0, Time elapsed: 0.158 sec
Running data.CameraShotTest
10:16:40.630 [main] ERROR data.CameraShot.incrementCounter - GAVE INSTANCE 40
10:16:40.631 [main] ERROR data.CameraShot.incrementCounter - GAVE INSTANCE 41
10:16:40.631 [main] ERROR data.CameraShot.incrementCounter - GAVE INSTANCE 42
10:16:40.633 [main] ERROR data.CameraShot.incrementCounter - GAVE INSTANCE 43
10:16:40.634 [main] ERROR data.CameraShot.incrementCounter - GAVE INSTANCE 44
10:16:40.636 [main] ERROR data.CameraShot.incrementCounter - GAVE INSTANCE 45
10:16:40.636 [main] ERROR data.CameraShot.incrementCounter - GAVE INSTANCE 46
10:16:40.637 [main] ERROR data.CameraShot.incrementCounter - GAVE INSTANCE 47
10:16:40.639 [main] ERROR data.CameraShot.incrementCounter - GAVE INSTANCE 48
10:16:40.639 [main] ERROR data.CameraShot.incrementCounter - GAVE INSTANCE 49
Tests run: 8, Failures: 0, Errors: 0, Skipped: 0, Time elapsed: 0.007 sec
Running data.CameraTest
Tests run: 14, Failures: 0, Errors: 0, Skipped: 0, Time elapsed: 0.003 sec
Running data.CameraTimelineTest
10:16:40.655 [main] ERROR data.CameraShot.incrementCounter - GAVE INSTANCE 50
10:16:40.658 [main] ERROR data.CameraShot.incrementCounter - GAVE INSTANCE 51
10:16:40.660 [main] ERROR data.CameraShot.incrementCounter - GAVE INSTANCE 52
10:16:40.660 [main] ERROR data.CameraShot.incrementCounter - GAVE INSTANCE 53
10:16:40.663 [main] ERROR data.CameraShot.incrementCounter - GAVE INSTANCE 54
10:16:40.663 [main] ERROR data.CameraShot.incrementCounter - GAVE INSTANCE 55
10:16:40.666 [main] ERROR data.CameraShot.incrementCounter - GAVE INSTANCE 56
10:16:40.667 [main] ERROR data.CameraShot.incrementCounter - GAVE INSTANCE 57
10:16:40.670 [main] ERROR data.CameraShot.incrementCounter - GAVE INSTANCE 58
10:16:40.671 [main] ERROR data.CameraShot.incrementCounter - GAVE INSTANCE 59
10:16:40.672 [main] ERROR data.CameraShot.incrementCounter - GAVE INSTANCE 60
Tests run: 11, Failures: 0, Errors: 0, Skipped: 0, Time elapsed: 0.002 sec
Running data.CameraTypeTest
Tests run: 12, Failures: 0, Errors: 0, Skipped: 0, Time elapsed: 0.022 sec
Running data.DirectorShotTest
10:16:40.700 [main] ERROR data.CameraShot.incrementCounter - GAVE INSTANCE 61
10:16:40.704 [main] ERROR data.CameraShot.incrementCounter - GAVE INSTANCE 62
Tests run: 16, Failures: 0, Errors: 0, Skipped: 0, Time elapsed: 0 sec
Running data.DirectorTimelineTest
Tests run: 11, Failures: 0, Errors: 0, Skipped: 0, Time elapsed: 0 sec
Running data.ScriptingProjectTest
Tests run: 25, Failures: 0, Errors: 0, Skipped: 0, Time elapsed: 0.103 sec
Running data.ShotTest
10:16:41.040 [main] ERROR data.CameraShot.incrementCounter - GAVE INSTANCE 63
10:16:41.041 [main] ERROR data.CameraShot.incrementCounter - GAVE INSTANCE 64
10:16:41.042 [main] ERROR data.CameraShot.incrementCounter - GAVE INSTANCE 65
10:16:41.042 [main] ERROR data.CameraShot.incrementCounter - GAVE INSTANCE 66
10:16:41.043 [main] ERROR data.CameraShot.incrementCounter - GAVE INSTANCE 67
10:16:41.043 [main] ERROR data.CameraShot.incrementCounter - GAVE INSTANCE 68
10:16:41.044 [main] ERROR data.CameraShot.incrementCounter - GAVE INSTANCE 69
10:16:41.044 [main] ERROR data.CameraShot.incrementCounter - GAVE INSTANCE 70
10:16:41.045 [main] ERROR data.CameraShot.incrementCounter - GAVE INSTANCE 71
10:16:41.046 [main] ERROR data.CameraShot.incrementCounter - GAVE INSTANCE 72
10:16:41.047 [main] ERROR data.CameraShot.incrementCounter - GAVE INSTANCE 73
10:16:41.048 [main] ERROR data.CameraShot.incrementCounter - GAVE INSTANCE 74
10:16:41.048 [main] ERROR data.CameraShot.incrementCounter - GAVE INSTANCE 75
10:16:41.049 [main] ERROR data.CameraShot.incrementCounter - GAVE INSTANCE 76
10:16:41.049 [main] ERROR data.CameraShot.incrementCounter - GAVE INSTANCE 77
10:16:41.051 [main] ERROR data.CameraShot.incrementCounter - GAVE INSTANCE 78
10:16:41.052 [main] ERROR data.CameraShot.incrementCounter - GAVE INSTANCE 79
10:16:41.053 [main] ERROR data.CameraShot.incrementCounter - GAVE INSTANCE 80
10:16:41.053 [main] ERROR data.CameraShot.incrementCounter - GAVE INSTANCE 81
10:16:41.055 [main] ERROR data.CameraShot.incrementCounter - GAVE INSTANCE 82
10:16:41.055 [main] ERROR data.CameraShot.incrementCounter - GAVE INSTANCE 83
10:16:41.056 [main] ERROR data.CameraShot.incrementCounter - GAVE INSTANCE 84
10:16:41.057 [main] ERROR data.CameraShot.incrementCounter - GAVE INSTANCE 85
10:16:41.058 [main] ERROR data.CameraShot.incrementCounter - GAVE INSTANCE 86
10:16:41.058 [main] ERROR data.CameraShot.incrementCounter - GAVE INSTANCE 87
10:16:41.059 [main] ERROR data.CameraShot.incrementCounter - GAVE INSTANCE 88
10:16:41.060 [main] ERROR data.CameraShot.incrementCounter - GAVE INSTANCE 89
10:16:41.060 [main] ERROR data.CameraShot.incrementCounter - GAVE INSTANCE 90
10:16:41.061 [main] ERROR data.CameraShot.incrementCounter - GAVE INSTANCE 91
10:16:41.062 [main] ERROR data.CameraShot.incrementCounter - GAVE INSTANCE 92
10:16:41.062 [main] ERROR data.CameraShot.incrementCounter - GAVE INSTANCE 93
10:16:41.064 [main] ERROR data.CameraShot.incrementCounter - GAVE INSTANCE 94
10:16:41.065 [main] ERROR data.CameraShot.incrementCounter - GAVE INSTANCE 95
10:16:41.065 [main] ERROR data.CameraShot.incrementCounter - GAVE INSTANCE 96
10:16:41.066 [main] ERROR data.CameraShot.incrementCounter - GAVE INSTANCE 97
10:16:41.068 [main] ERROR data.CameraShot.incrementCounter - GAVE INSTANCE 98
10:16:41.068 [main] ERROR data.CameraShot.incrementCounter - GAVE INSTANCE 99
10:16:41.072 [main] ERROR data.CameraShot.incrementCounter - GAVE INSTANCE 100
10:16:41.072 [main] ERROR data.CameraShot.incrementCounter - GAVE INSTANCE 101
10:16:41.073 [main] ERROR data.CameraShot.incrementCounter - GAVE INSTANCE 102
10:16:41.074 [main] ERROR data.CameraShot.incrementCounter - GAVE INSTANCE 103
10:16:41.074 [main] ERROR data.CameraShot.incrementCounter - GAVE INSTANCE 104
10:16:41.075 [main] ERROR data.CameraShot.incrementCounter - GAVE INSTANCE 105
10:16:41.075 [main] ERROR data.CameraShot.incrementCounter - GAVE INSTANCE 106
Tests run: 14, Failures: 0, Errors: 0, Skipped: 0, Time elapsed: 0.014 sec
Running data.TimelineTest
10:16:41.078 [main] ERROR data.CameraShot.incrementCounter - GAVE INSTANCE 107
10:16:41.078 [main] ERROR data.CameraShot.incrementCounter - GAVE INSTANCE 108
10:16:41.081 [main] ERROR data.CameraShot.incrementCounter - GAVE INSTANCE 109
10:16:41.081 [main] ERROR data.CameraShot.incrementCounter - GAVE INSTANCE 110
10:16:41.084 [main] ERROR data.CameraShot.incrementCounter - GAVE INSTANCE 111
10:16:41.084 [main] ERROR data.CameraShot.incrementCounter - GAVE INSTANCE 112
10:16:41.086 [main] ERROR data.CameraShot.incrementCounter - GAVE INSTANCE 113
10:16:41.087 [main] ERROR data.CameraShot.incrementCounter - GAVE INSTANCE 114
10:16:41.089 [main] ERROR data.CameraShot.incrementCounter - GAVE INSTANCE 115
10:16:41.089 [main] ERROR data.CameraShot.incrementCounter - GAVE INSTANCE 116
10:16:41.091 [main] ERROR data.CameraShot.incrementCounter - GAVE INSTANCE 117
10:16:41.091 [main] ERROR data.CameraShot.incrementCounter - GAVE INSTANCE 118
Tests run: 5, Failures: 0, Errors: 0, Skipped: 0, Time elapsed: 0.014 sec
Running MainClassTest
Tests run: 1, Failures: 0, Errors: 0, Skipped: 0, Time elapsed: 0 sec

Results :

Tests in error: 
  shotChangedHandlerTest(control.DirectorTimelineControllerTest)
  loadTest(control.ProjectControllerTest): Index: 0, Size: 0

Tests run: 189, Failures: 0, Errors: 2, Skipped: 0

[INFO] ------------------------------------------------------------------------
[INFO] BUILD FAILURE
[INFO] ------------------------------------------------------------------------
[INFO] Total time: 19.570 s
[INFO] Finished at: 2016-05-27T10:16:41+02:00
[INFO] Final Memory: 25M/533M
[INFO] ------------------------------------------------------------------------
[ERROR] Failed to execute goal org.apache.maven.plugins:maven-surefire-plugin:2.12.4:test (default-test) on project ContextProject: There are test failures.
[ERROR] 
[ERROR] Please refer to c:\Users\Menno\workspace\goto-fail\out\surefire-reports for the individual test results.
[ERROR] -> [Help 1]
[ERROR] 
[ERROR] To see the full stack trace of the errors, re-run Maven with the -e switch.
[ERROR] Re-run Maven using the -X switch to enable full debug logging.
[ERROR] 
[ERROR] For more information about the errors and possible solutions, please read the following articles:
[ERROR] [Help 1] http://cwiki.apache.org/confluence/display/MAVEN/MojoFailureException
